#
# There is insufficient memory for the Java Runtime Environment to continue.
# Native memory allocation (malloc) failed to allocate 32744 bytes for ChunkPool::allocate
# Possible reasons:
#   The system is out of physical RAM or swap space
#   The process is running with CompressedOops enabled, and the Java Heap may be blocking the growth of the native heap
# Possible solutions:
#   Reduce memory load on the system
#   Increase physical memory or swap space
#   Check if swap backing store is full
#   Decrease Java heap size (-Xmx/-Xms)
#   Decrease number of Java threads
#   Decrease Java thread stack sizes (-Xss)
#   Set larger code cache with -XX:ReservedCodeCacheSize=
#   JVM is running with Unscaled Compressed Oops mode in which the Java heap is
#     placed in the first 4GB address space. The Java Heap base address is the
#     maximum limit for the native heap growth. Please use -XX:HeapBaseMinAddress
#     to set the Java Heap base and to place the Java Heap above 4GB virtual address.
# This output file may be truncated or incomplete.
#
#  Out of Memory Error (./open/src/hotspot/share/memory/arena.cpp:79), pid=9780, tid=4804
#
# JRE version: OpenJDK Runtime Environment (14.0.2+12) (build 14.0.2+12-46)
# Java VM: OpenJDK 64-Bit Server VM (14.0.2+12-46, mixed mode, sharing, tiered, compressed oops, g1 gc, windows-amd64)
# No core dump will be written. Minidumps are not enabled by default on client versions of Windows
#

---------------  S U M M A R Y ------------

Command Line: -ea -Didea.test.cyclic.buffer.size=1048576 -javaagent:C:\Program Files\JetBrains1\IntelliJ IDEA Community Edition 2020.1.1\lib\idea_rt.jar=53517:C:\Program Files\JetBrains1\IntelliJ IDEA Community Edition 2020.1.1\bin -Dfile.encoding=UTF-8 com.intellij.rt.junit.JUnitStarter -ideVersion5 EvenOrOdd.EvenOrOddTest

Host: Intel(R) Core(TM) i3-6100 CPU @ 3.70GHz, 4 cores, 7G,  Windows 10 , 64 bit Build 18362 (10.0.18362.1082)
Time: Thu Oct 15 14:33:40 2020 RTZ 2 (ceia) elapsed time: 0 seconds (0d 0h 0m 0s)

---------------  T H R E A D  ---------------

Current thread (0x0000026074095800):  JavaThread "C1 CompilerThread0" daemon [_thread_in_native, id=4804, stack(0x00000075d5a00000,0x00000075d5b00000)]


Current CompileTask:
C1:    153  159       1       java.lang.module.ModuleDescriptor::isOpen (5 bytes)

Stack: [0x00000075d5a00000,0x00000075d5b00000]
Native frames: (J=compiled Java code, j=interpreted, Vv=VM code, C=native code)
V  [jvm.dll+0x5f8a9a]
V  [jvm.dll+0x74247a]
V  [jvm.dll+0x743c2f]
V  [jvm.dll+0x744273]
V  [jvm.dll+0x20d288]
V  [jvm.dll+0xabea6]
V  [jvm.dll+0xac1fc]
V  [jvm.dll+0x20e010]
V  [jvm.dll+0x1174e7]
V  [jvm.dll+0x116884]
V  [jvm.dll+0x1187d7]
V  [jvm.dll+0x1f4105]
V  [jvm.dll+0x1f22eb]
V  [jvm.dll+0x7070cd]
V  [jvm.dll+0x6ffeda]
V  [jvm.dll+0x5f78f6]
C  [ucrtbase.dll+0x20e82]
C  [KERNEL32.DLL+0x17bd4]
C  [ntdll.dll+0x6ce51]


---------------  P R O C E S S  ---------------

Threads class SMR info:
_java_thread_list=0x0000026074a80530, length=10, elements={
0x00000260558bc000, 0x0000026074072800, 0x0000026074074000, 0x000002607408d800,
0x000002607408f000, 0x0000026074090000, 0x0000026074092000, 0x0000026074095800,
0x00000260740ba800, 0x0000026074055000
}

Java Threads: ( => current thread )
  0x00000260558bc000 JavaThread "main" [_thread_in_Java, id=5332, stack(0x00000075d4d00000,0x00000075d4e00000)]
  0x0000026074072800 JavaThread "Reference Handler" daemon [_thread_blocked, id=8796, stack(0x00000075d5400000,0x00000075d5500000)]
  0x0000026074074000 JavaThread "Finalizer" daemon [_thread_blocked, id=3300, stack(0x00000075d5500000,0x00000075d5600000)]
  0x000002607408d800 JavaThread "Signal Dispatcher" daemon [_thread_blocked, id=9760, stack(0x00000075d5600000,0x00000075d5700000)]
  0x000002607408f000 JavaThread "Attach Listener" daemon [_thread_blocked, id=1036, stack(0x00000075d5700000,0x00000075d5800000)]
  0x0000026074090000 JavaThread "Service Thread" daemon [_thread_blocked, id=5236, stack(0x00000075d5800000,0x00000075d5900000)]
  0x0000026074092000 JavaThread "C2 CompilerThread0" daemon [_thread_in_native, id=6316, stack(0x00000075d5900000,0x00000075d5a00000)]
=>0x0000026074095800 JavaThread "C1 CompilerThread0" daemon [_thread_in_native, id=4804, stack(0x00000075d5a00000,0x00000075d5b00000)]
  0x00000260740ba800 JavaThread "Sweeper thread" daemon [_thread_blocked, id=240, stack(0x00000075d5b00000,0x00000075d5c00000)]
  0x0000026074055000 JavaThread "Common-Cleaner" daemon [_thread_blocked, id=2260, stack(0x00000075d5c00000,0x00000075d5d00000)]

Other Threads:
  0x000002607406c800 VMThread "VM Thread" [stack: 0x00000075d5300000,0x00000075d5400000] [id=5168]
  0x00000260558fb000 GCTaskThread "GC Thread#0" [stack: 0x00000075d4e00000,0x00000075d4f00000] [id=9744]
  0x0000026055910000 ConcurrentGCThread "G1 Main Marker" [stack: 0x00000075d4f00000,0x00000075d5000000] [id=6580]
  0x0000026055912000 ConcurrentGCThread "G1 Conc#0" [stack: 0x00000075d5000000,0x00000075d5100000] [id=1076]
  0x000002605598d800 ConcurrentGCThread "G1 Refine#0" [stack: 0x00000075d5100000,0x00000075d5200000] [id=1772]
  0x0000026073ee1800 ConcurrentGCThread "G1 Young RemSet Sampling" [stack: 0x00000075d5200000,0x00000075d5300000] [id=8528]

Threads with active compile tasks:
C2 CompilerThread0      171  156       4       java.util.HashMap::putVal (300 bytes)
C1 CompilerThread0      171  159       1       java.lang.module.ModuleDescriptor::isOpen (5 bytes)

VM state:not at safepoint (normal execution)

VM Mutex/Monitor currently owned by a thread: None

Heap address: 0x0000000081800000, size: 2024 MB, Compressed Oops mode: 32-bit
Narrow klass base: 0x0000000800000000, Narrow klass shift: 3
Compressed class space size: 1073741824 Address: 0x0000000800b30000

Heap:
 garbage-first heap   total 131072K, used 1024K [0x0000000081800000, 0x0000000100000000)
  region size 1024K, 2 young (2048K), 0 survivors (0K)
 Metaspace       used 417K, capacity 4515K, committed 4864K, reserved 1056768K
  class space    used 36K, capacity 398K, committed 512K, reserved 1048576K
Heap Regions: E=young(eden), S=young(survivor), O=old, HS=humongous(starts), HC=humongous(continues), CS=collection set, F=free, OA=open archive, CA=closed archive, TAMS=top-at-mark-start (previous, next)
|   0|0x0000000081800000, 0x0000000081800000, 0x0000000081900000|  0%| F|  |TAMS 0x0000000081800000, 0x0000000081800000| Untracked 
|   1|0x0000000081900000, 0x0000000081900000, 0x0000000081a00000|  0%| F|  |TAMS 0x0000000081900000, 0x0000000081900000| Untracked 
|   2|0x0000000081a00000, 0x0000000081a00000, 0x0000000081b00000|  0%| F|  |TAMS 0x0000000081a00000, 0x0000000081a00000| Untracked 
|   3|0x0000000081b00000, 0x0000000081b00000, 0x0000000081c00000|  0%| F|  |TAMS 0x0000000081b00000, 0x0000000081b00000| Untracked 
|   4|0x0000000081c00000, 0x0000000081c00000, 0x0000000081d00000|  0%| F|  |TAMS 0x0000000081c00000, 0x0000000081c00000| Untracked 
|   5|0x0000000081d00000, 0x0000000081d00000, 0x0000000081e00000|  0%| F|  |TAMS 0x0000000081d00000, 0x0000000081d00000| Untracked 
|   6|0x0000000081e00000, 0x0000000081e00000, 0x0000000081f00000|  0%| F|  |TAMS 0x0000000081e00000, 0x0000000081e00000| Untracked 
|   7|0x0000000081f00000, 0x0000000081f00000, 0x0000000082000000|  0%| F|  |TAMS 0x0000000081f00000, 0x0000000081f00000| Untracked 
|   8|0x0000000082000000, 0x0000000082000000, 0x0000000082100000|  0%| F|  |TAMS 0x0000000082000000, 0x0000000082000000| Untracked 
|   9|0x0000000082100000, 0x0000000082100000, 0x0000000082200000|  0%| F|  |TAMS 0x0000000082100000, 0x0000000082100000| Untracked 
|  10|0x0000000082200000, 0x0000000082200000, 0x0000000082300000|  0%| F|  |TAMS 0x0000000082200000, 0x0000000082200000| Untracked 
|  11|0x0000000082300000, 0x0000000082300000, 0x0000000082400000|  0%| F|  |TAMS 0x0000000082300000, 0x0000000082300000| Untracked 
|  12|0x0000000082400000, 0x0000000082400000, 0x0000000082500000|  0%| F|  |TAMS 0x0000000082400000, 0x0000000082400000| Untracked 
|  13|0x0000000082500000, 0x0000000082500000, 0x0000000082600000|  0%| F|  |TAMS 0x0000000082500000, 0x0000000082500000| Untracked 
|  14|0x0000000082600000, 0x0000000082600000, 0x0000000082700000|  0%| F|  |TAMS 0x0000000082600000, 0x0000000082600000| Untracked 
|  15|0x0000000082700000, 0x0000000082700000, 0x0000000082800000|  0%| F|  |TAMS 0x0000000082700000, 0x0000000082700000| Untracked 
|  16|0x0000000082800000, 0x0000000082800000, 0x0000000082900000|  0%| F|  |TAMS 0x0000000082800000, 0x0000000082800000| Untracked 
|  17|0x0000000082900000, 0x0000000082900000, 0x0000000082a00000|  0%| F|  |TAMS 0x0000000082900000, 0x0000000082900000| Untracked 
|  18|0x0000000082a00000, 0x0000000082a00000, 0x0000000082b00000|  0%| F|  |TAMS 0x0000000082a00000, 0x0000000082a00000| Untracked 
|  19|0x0000000082b00000, 0x0000000082b00000, 0x0000000082c00000|  0%| F|  |TAMS 0x0000000082b00000, 0x0000000082b00000| Untracked 
|  20|0x0000000082c00000, 0x0000000082c00000, 0x0000000082d00000|  0%| F|  |TAMS 0x0000000082c00000, 0x0000000082c00000| Untracked 
|  21|0x0000000082d00000, 0x0000000082d00000, 0x0000000082e00000|  0%| F|  |TAMS 0x0000000082d00000, 0x0000000082d00000| Untracked 
|  22|0x0000000082e00000, 0x0000000082e00000, 0x0000000082f00000|  0%| F|  |TAMS 0x0000000082e00000, 0x0000000082e00000| Untracked 
|  23|0x0000000082f00000, 0x0000000082f00000, 0x0000000083000000|  0%| F|  |TAMS 0x0000000082f00000, 0x0000000082f00000| Untracked 
|  24|0x0000000083000000, 0x0000000083000000, 0x0000000083100000|  0%| F|  |TAMS 0x0000000083000000, 0x0000000083000000| Untracked 
|  25|0x0000000083100000, 0x0000000083100000, 0x0000000083200000|  0%| F|  |TAMS 0x0000000083100000, 0x0000000083100000| Untracked 
|  26|0x0000000083200000, 0x0000000083200000, 0x0000000083300000|  0%| F|  |TAMS 0x0000000083200000, 0x0000000083200000| Untracked 
|  27|0x0000000083300000, 0x0000000083300000, 0x0000000083400000|  0%| F|  |TAMS 0x0000000083300000, 0x0000000083300000| Untracked 
|  28|0x0000000083400000, 0x0000000083400000, 0x0000000083500000|  0%| F|  |TAMS 0x0000000083400000, 0x0000000083400000| Untracked 
|  29|0x0000000083500000, 0x0000000083500000, 0x0000000083600000|  0%| F|  |TAMS 0x0000000083500000, 0x0000000083500000| Untracked 
|  30|0x0000000083600000, 0x0000000083600000, 0x0000000083700000|  0%| F|  |TAMS 0x0000000083600000, 0x0000000083600000| Untracked 
|  31|0x0000000083700000, 0x0000000083700000, 0x0000000083800000|  0%| F|  |TAMS 0x0000000083700000, 0x0000000083700000| Untracked 
|  32|0x0000000083800000, 0x0000000083800000, 0x0000000083900000|  0%| F|  |TAMS 0x0000000083800000, 0x0000000083800000| Untracked 
|  33|0x0000000083900000, 0x0000000083900000, 0x0000000083a00000|  0%| F|  |TAMS 0x0000000083900000, 0x0000000083900000| Untracked 
|  34|0x0000000083a00000, 0x0000000083a00000, 0x0000000083b00000|  0%| F|  |TAMS 0x0000000083a00000, 0x0000000083a00000| Untracked 
|  35|0x0000000083b00000, 0x0000000083b00000, 0x0000000083c00000|  0%| F|  |TAMS 0x0000000083b00000, 0x0000000083b00000| Untracked 
|  36|0x0000000083c00000, 0x0000000083c00000, 0x0000000083d00000|  0%| F|  |TAMS 0x0000000083c00000, 0x0000000083c00000| Untracked 
|  37|0x0000000083d00000, 0x0000000083d00000, 0x0000000083e00000|  0%| F|  |TAMS 0x0000000083d00000, 0x0000000083d00000| Untracked 
|  38|0x0000000083e00000, 0x0000000083e00000, 0x0000000083f00000|  0%| F|  |TAMS 0x0000000083e00000, 0x0000000083e00000| Untracked 
|  39|0x0000000083f00000, 0x0000000083f00000, 0x0000000084000000|  0%| F|  |TAMS 0x0000000083f00000, 0x0000000083f00000| Untracked 
|  40|0x0000000084000000, 0x0000000084000000, 0x0000000084100000|  0%| F|  |TAMS 0x0000000084000000, 0x0000000084000000| Untracked 
|  41|0x0000000084100000, 0x0000000084100000, 0x0000000084200000|  0%| F|  |TAMS 0x0000000084100000, 0x0000000084100000| Untracked 
|  42|0x0000000084200000, 0x0000000084200000, 0x0000000084300000|  0%| F|  |TAMS 0x0000000084200000, 0x0000000084200000| Untracked 
|  43|0x0000000084300000, 0x0000000084300000, 0x0000000084400000|  0%| F|  |TAMS 0x0000000084300000, 0x0000000084300000| Untracked 
|  44|0x0000000084400000, 0x0000000084400000, 0x0000000084500000|  0%| F|  |TAMS 0x0000000084400000, 0x0000000084400000| Untracked 
|  45|0x0000000084500000, 0x0000000084500000, 0x0000000084600000|  0%| F|  |TAMS 0x0000000084500000, 0x0000000084500000| Untracked 
|  46|0x0000000084600000, 0x0000000084600000, 0x0000000084700000|  0%| F|  |TAMS 0x0000000084600000, 0x0000000084600000| Untracked 
|  47|0x0000000084700000, 0x0000000084700000, 0x0000000084800000|  0%| F|  |TAMS 0x0000000084700000, 0x0000000084700000| Untracked 
|  48|0x0000000084800000, 0x0000000084800000, 0x0000000084900000|  0%| F|  |TAMS 0x0000000084800000, 0x0000000084800000| Untracked 
|  49|0x0000000084900000, 0x0000000084900000, 0x0000000084a00000|  0%| F|  |TAMS 0x0000000084900000, 0x0000000084900000| Untracked 
|  50|0x0000000084a00000, 0x0000000084a00000, 0x0000000084b00000|  0%| F|  |TAMS 0x0000000084a00000, 0x0000000084a00000| Untracked 
|  51|0x0000000084b00000, 0x0000000084b00000, 0x0000000084c00000|  0%| F|  |TAMS 0x0000000084b00000, 0x0000000084b00000| Untracked 
|  52|0x0000000084c00000, 0x0000000084c00000, 0x0000000084d00000|  0%| F|  |TAMS 0x0000000084c00000, 0x0000000084c00000| Untracked 
|  53|0x0000000084d00000, 0x0000000084d00000, 0x0000000084e00000|  0%| F|  |TAMS 0x0000000084d00000, 0x0000000084d00000| Untracked 
|  54|0x0000000084e00000, 0x0000000084e00000, 0x0000000084f00000|  0%| F|  |TAMS 0x0000000084e00000, 0x0000000084e00000| Untracked 
|  55|0x0000000084f00000, 0x0000000084f00000, 0x0000000085000000|  0%| F|  |TAMS 0x0000000084f00000, 0x0000000084f00000| Untracked 
|  56|0x0000000085000000, 0x0000000085000000, 0x0000000085100000|  0%| F|  |TAMS 0x0000000085000000, 0x0000000085000000| Untracked 
|  57|0x0000000085100000, 0x0000000085100000, 0x0000000085200000|  0%| F|  |TAMS 0x0000000085100000, 0x0000000085100000| Untracked 
|  58|0x0000000085200000, 0x0000000085200000, 0x0000000085300000|  0%| F|  |TAMS 0x0000000085200000, 0x0000000085200000| Untracked 
|  59|0x0000000085300000, 0x0000000085300000, 0x0000000085400000|  0%| F|  |TAMS 0x0000000085300000, 0x0000000085300000| Untracked 
|  60|0x0000000085400000, 0x0000000085400000, 0x0000000085500000|  0%| F|  |TAMS 0x0000000085400000, 0x0000000085400000| Untracked 
|  61|0x0000000085500000, 0x0000000085500000, 0x0000000085600000|  0%| F|  |TAMS 0x0000000085500000, 0x0000000085500000| Untracked 
|  62|0x0000000085600000, 0x0000000085600000, 0x0000000085700000|  0%| F|  |TAMS 0x0000000085600000, 0x0000000085600000| Untracked 
|  63|0x0000000085700000, 0x0000000085700000, 0x0000000085800000|  0%| F|  |TAMS 0x0000000085700000, 0x0000000085700000| Untracked 
|  64|0x0000000085800000, 0x0000000085800000, 0x0000000085900000|  0%| F|  |TAMS 0x0000000085800000, 0x0000000085800000| Untracked 
|  65|0x0000000085900000, 0x0000000085900000, 0x0000000085a00000|  0%| F|  |TAMS 0x0000000085900000, 0x0000000085900000| Untracked 
|  66|0x0000000085a00000, 0x0000000085a00000, 0x0000000085b00000|  0%| F|  |TAMS 0x0000000085a00000, 0x0000000085a00000| Untracked 
|  67|0x0000000085b00000, 0x0000000085b00000, 0x0000000085c00000|  0%| F|  |TAMS 0x0000000085b00000, 0x0000000085b00000| Untracked 
|  68|0x0000000085c00000, 0x0000000085c00000, 0x0000000085d00000|  0%| F|  |TAMS 0x0000000085c00000, 0x0000000085c00000| Untracked 
|  69|0x0000000085d00000, 0x0000000085d00000, 0x0000000085e00000|  0%| F|  |TAMS 0x0000000085d00000, 0x0000000085d00000| Untracked 
|  70|0x0000000085e00000, 0x0000000085e00000, 0x0000000085f00000|  0%| F|  |TAMS 0x0000000085e00000, 0x0000000085e00000| Untracked 
|  71|0x0000000085f00000, 0x0000000085f00000, 0x0000000086000000|  0%| F|  |TAMS 0x0000000085f00000, 0x0000000085f00000| Untracked 
|  72|0x0000000086000000, 0x0000000086000000, 0x0000000086100000|  0%| F|  |TAMS 0x0000000086000000, 0x0000000086000000| Untracked 
|  73|0x0000000086100000, 0x0000000086100000, 0x0000000086200000|  0%| F|  |TAMS 0x0000000086100000, 0x0000000086100000| Untracked 
|  74|0x0000000086200000, 0x0000000086200000, 0x0000000086300000|  0%| F|  |TAMS 0x0000000086200000, 0x0000000086200000| Untracked 
|  75|0x0000000086300000, 0x0000000086300000, 0x0000000086400000|  0%| F|  |TAMS 0x0000000086300000, 0x0000000086300000| Untracked 
|  76|0x0000000086400000, 0x0000000086400000, 0x0000000086500000|  0%| F|  |TAMS 0x0000000086400000, 0x0000000086400000| Untracked 
|  77|0x0000000086500000, 0x0000000086500000, 0x0000000086600000|  0%| F|  |TAMS 0x0000000086500000, 0x0000000086500000| Untracked 
|  78|0x0000000086600000, 0x0000000086600000, 0x0000000086700000|  0%| F|  |TAMS 0x0000000086600000, 0x0000000086600000| Untracked 
|  79|0x0000000086700000, 0x0000000086700000, 0x0000000086800000|  0%| F|  |TAMS 0x0000000086700000, 0x0000000086700000| Untracked 
|  80|0x0000000086800000, 0x0000000086800000, 0x0000000086900000|  0%| F|  |TAMS 0x0000000086800000, 0x0000000086800000| Untracked 
|  81|0x0000000086900000, 0x0000000086900000, 0x0000000086a00000|  0%| F|  |TAMS 0x0000000086900000, 0x0000000086900000| Untracked 
|  82|0x0000000086a00000, 0x0000000086a00000, 0x0000000086b00000|  0%| F|  |TAMS 0x0000000086a00000, 0x0000000086a00000| Untracked 
|  83|0x0000000086b00000, 0x0000000086b00000, 0x0000000086c00000|  0%| F|  |TAMS 0x0000000086b00000, 0x0000000086b00000| Untracked 
|  84|0x0000000086c00000, 0x0000000086c00000, 0x0000000086d00000|  0%| F|  |TAMS 0x0000000086c00000, 0x0000000086c00000| Untracked 
|  85|0x0000000086d00000, 0x0000000086d00000, 0x0000000086e00000|  0%| F|  |TAMS 0x0000000086d00000, 0x0000000086d00000| Untracked 
|  86|0x0000000086e00000, 0x0000000086e00000, 0x0000000086f00000|  0%| F|  |TAMS 0x0000000086e00000, 0x0000000086e00000| Untracked 
|  87|0x0000000086f00000, 0x0000000086f00000, 0x0000000087000000|  0%| F|  |TAMS 0x0000000086f00000, 0x0000000086f00000| Untracked 
|  88|0x0000000087000000, 0x0000000087000000, 0x0000000087100000|  0%| F|  |TAMS 0x0000000087000000, 0x0000000087000000| Untracked 
|  89|0x0000000087100000, 0x0000000087100000, 0x0000000087200000|  0%| F|  |TAMS 0x0000000087100000, 0x0000000087100000| Untracked 
|  90|0x0000000087200000, 0x0000000087200000, 0x0000000087300000|  0%| F|  |TAMS 0x0000000087200000, 0x0000000087200000| Untracked 
|  91|0x0000000087300000, 0x0000000087300000, 0x0000000087400000|  0%| F|  |TAMS 0x0000000087300000, 0x0000000087300000| Untracked 
|  92|0x0000000087400000, 0x0000000087400000, 0x0000000087500000|  0%| F|  |TAMS 0x0000000087400000, 0x0000000087400000| Untracked 
|  93|0x0000000087500000, 0x0000000087500000, 0x0000000087600000|  0%| F|  |TAMS 0x0000000087500000, 0x0000000087500000| Untracked 
|  94|0x0000000087600000, 0x0000000087600000, 0x0000000087700000|  0%| F|  |TAMS 0x0000000087600000, 0x0000000087600000| Untracked 
|  95|0x0000000087700000, 0x0000000087700000, 0x0000000087800000|  0%| F|  |TAMS 0x0000000087700000, 0x0000000087700000| Untracked 
|  96|0x0000000087800000, 0x0000000087800000, 0x0000000087900000|  0%| F|  |TAMS 0x0000000087800000, 0x0000000087800000| Untracked 
|  97|0x0000000087900000, 0x0000000087900000, 0x0000000087a00000|  0%| F|  |TAMS 0x0000000087900000, 0x0000000087900000| Untracked 
|  98|0x0000000087a00000, 0x0000000087a00000, 0x0000000087b00000|  0%| F|  |TAMS 0x0000000087a00000, 0x0000000087a00000| Untracked 
|  99|0x0000000087b00000, 0x0000000087b00000, 0x0000000087c00000|  0%| F|  |TAMS 0x0000000087b00000, 0x0000000087b00000| Untracked 
| 100|0x0000000087c00000, 0x0000000087c00000, 0x0000000087d00000|  0%| F|  |TAMS 0x0000000087c00000, 0x0000000087c00000| Untracked 
| 101|0x0000000087d00000, 0x0000000087d00000, 0x0000000087e00000|  0%| F|  |TAMS 0x0000000087d00000, 0x0000000087d00000| Untracked 
| 102|0x0000000087e00000, 0x0000000087e00000, 0x0000000087f00000|  0%| F|  |TAMS 0x0000000087e00000, 0x0000000087e00000| Untracked 
| 103|0x0000000087f00000, 0x0000000087f00000, 0x0000000088000000|  0%| F|  |TAMS 0x0000000087f00000, 0x0000000087f00000| Untracked 
| 104|0x0000000088000000, 0x0000000088000000, 0x0000000088100000|  0%| F|  |TAMS 0x0000000088000000, 0x0000000088000000| Untracked 
| 105|0x0000000088100000, 0x0000000088100000, 0x0000000088200000|  0%| F|  |TAMS 0x0000000088100000, 0x0000000088100000| Untracked 
| 106|0x0000000088200000, 0x0000000088200000, 0x0000000088300000|  0%| F|  |TAMS 0x0000000088200000, 0x0000000088200000| Untracked 
| 107|0x0000000088300000, 0x0000000088300000, 0x0000000088400000|  0%| F|  |TAMS 0x0000000088300000, 0x0000000088300000| Untracked 
| 108|0x0000000088400000, 0x0000000088400000, 0x0000000088500000|  0%| F|  |TAMS 0x0000000088400000, 0x0000000088400000| Untracked 
| 109|0x0000000088500000, 0x0000000088500000, 0x0000000088600000|  0%| F|  |TAMS 0x0000000088500000, 0x0000000088500000| Untracked 
| 110|0x0000000088600000, 0x0000000088600000, 0x0000000088700000|  0%| F|  |TAMS 0x0000000088600000, 0x0000000088600000| Untracked 
| 111|0x0000000088700000, 0x0000000088700000, 0x0000000088800000|  0%| F|  |TAMS 0x0000000088700000, 0x0000000088700000| Untracked 
| 112|0x0000000088800000, 0x0000000088800000, 0x0000000088900000|  0%| F|  |TAMS 0x0000000088800000, 0x0000000088800000| Untracked 
| 113|0x0000000088900000, 0x0000000088900000, 0x0000000088a00000|  0%| F|  |TAMS 0x0000000088900000, 0x0000000088900000| Untracked 
| 114|0x0000000088a00000, 0x0000000088a00000, 0x0000000088b00000|  0%| F|  |TAMS 0x0000000088a00000, 0x0000000088a00000| Untracked 
| 115|0x0000000088b00000, 0x0000000088b00000, 0x0000000088c00000|  0%| F|  |TAMS 0x0000000088b00000, 0x0000000088b00000| Untracked 
| 116|0x0000000088c00000, 0x0000000088c00000, 0x0000000088d00000|  0%| F|  |TAMS 0x0000000088c00000, 0x0000000088c00000| Untracked 
| 117|0x0000000088d00000, 0x0000000088d00000, 0x0000000088e00000|  0%| F|  |TAMS 0x0000000088d00000, 0x0000000088d00000| Untracked 
| 118|0x0000000088e00000, 0x0000000088e00000, 0x0000000088f00000|  0%| F|  |TAMS 0x0000000088e00000, 0x0000000088e00000| Untracked 
| 119|0x0000000088f00000, 0x0000000088f00000, 0x0000000089000000|  0%| F|  |TAMS 0x0000000088f00000, 0x0000000088f00000| Untracked 
| 120|0x0000000089000000, 0x0000000089000000, 0x0000000089100000|  0%| F|  |TAMS 0x0000000089000000, 0x0000000089000000| Untracked 
| 121|0x0000000089100000, 0x0000000089100000, 0x0000000089200000|  0%| F|  |TAMS 0x0000000089100000, 0x0000000089100000| Untracked 
| 122|0x0000000089200000, 0x0000000089200000, 0x0000000089300000|  0%| F|  |TAMS 0x0000000089200000, 0x0000000089200000| Untracked 
| 123|0x0000000089300000, 0x0000000089300000, 0x0000000089400000|  0%| F|  |TAMS 0x0000000089300000, 0x0000000089300000| Untracked 
| 124|0x0000000089400000, 0x0000000089400000, 0x0000000089500000|  0%| F|  |TAMS 0x0000000089400000, 0x0000000089400000| Untracked 
| 125|0x0000000089500000, 0x0000000089500000, 0x0000000089600000|  0%| F|  |TAMS 0x0000000089500000, 0x0000000089500000| Untracked 
| 126|0x0000000089600000, 0x0000000089685a28, 0x0000000089700000| 52%| E|  |TAMS 0x0000000089600000, 0x0000000089600000| Complete 
| 127|0x0000000089700000, 0x0000000089800000, 0x0000000089800000|100%| E|CS|TAMS 0x0000000089700000, 0x0000000089700000| Complete 

Card table byte_map: [0x000002606d460000,0x000002606d860000] _byte_map_base: 0x000002606d054000

Marking Bits (Prev, Next): (CMBitMap*) 0x00000260558fd8d8, (CMBitMap*) 0x00000260558fd918
 Prev Bits: [0x000002606dc60000, 0x000002606fc00000)
 Next Bits: [0x000002606fc00000, 0x0000026071ba0000)

Polling page: 0x0000026053760000

Metaspace:

Usage:
  Non-class:      4.02 MB capacity,   382.82 KB (  9%) used,     3.65 MB ( 91%) free+waste,     1.38 KB ( <1%) overhead. 
      Class:    398.00 KB capacity,    36.08 KB (  9%) used,   360.98 KB ( 91%) free+waste,   960 bytes ( <1%) overhead. 
       Both:      4.41 MB capacity,   418.90 KB (  9%) used,     4.00 MB ( 91%) free+waste,     2.31 KB ( <1%) overhead. 

Virtual space:
  Non-class space:        8.00 MB reserved,       4.25 MB ( 53%) committed 
      Class space:        1.00 GB reserved,     512.00 KB ( <1%) committed 
             Both:        1.01 GB reserved,       4.75 MB ( <1%) committed 

Chunk freelists:
   Non-Class:  0 bytes
       Class:  0 bytes
        Both:  0 bytes

MaxMetaspaceSize: 17179869184.00 GB
CompressedClassSpaceSize: 1.00 GB

CodeHeap 'non-profiled nmethods': size=120000Kb used=48Kb max_used=48Kb free=119951Kb
 bounds [0x0000026065b30000, 0x0000026065da0000, 0x000002606d060000]
CodeHeap 'profiled nmethods': size=120000Kb used=186Kb max_used=186Kb free=119813Kb
 bounds [0x000002605e600000, 0x000002605e870000, 0x0000026065b30000]
CodeHeap 'non-nmethods': size=5760Kb used=1086Kb max_used=1099Kb free=4673Kb
 bounds [0x000002605e060000, 0x000002605e2d0000, 0x000002605e600000]
 total_blobs=473 nmethods=157 adapters=229
 compilation: enabled
              stopped_count=0, restarted_count=0
 full_count=0

Compilation events (20 events):
Event: 0.123 Thread 0x0000026074095800  148       3       java.util.Optional::orElse (16 bytes)
Event: 0.123 Thread 0x0000026074095800 nmethod 148 0x000002605e62c490 code [0x000002605e62c620, 0x000002605e62c798]
Event: 0.124 Thread 0x0000026074095800  149       3       java.util.ImmutableCollections$SetN$SetNIterator::<init> (40 bytes)
Event: 0.125 Thread 0x0000026074095800 nmethod 149 0x000002605e62c810 code [0x000002605e62c9c0, 0x000002605e62ccf8]
Event: 0.132 Thread 0x0000026074095800  150       1       java.lang.module.ModuleDescriptor$Version::toString (5 bytes)
Event: 0.132 Thread 0x0000026074095800 nmethod 150 0x0000026065b3b690 code [0x0000026065b3b820, 0x0000026065b3b8f8]
Event: 0.132 Thread 0x0000026074095800  151       3       java.util.HashMap::keySet (25 bytes)
Event: 0.133 Thread 0x0000026074095800 nmethod 151 0x000002605e62ce90 code [0x000002605e62d060, 0x000002605e62d458]
Event: 0.133 Thread 0x0000026074095800  152       3       java.util.HashMap$KeySet::iterator (12 bytes)
Event: 0.133 Thread 0x0000026074095800 nmethod 152 0x000002605e62d590 code [0x000002605e62d740, 0x000002605e62d9c8]
Event: 0.133 Thread 0x0000026074095800  153       3       java.util.HashSet::iterator (13 bytes)
Event: 0.133 Thread 0x0000026074095800 nmethod 153 0x000002605e62da90 code [0x000002605e62dc40, 0x000002605e62def8]
Event: 0.133 Thread 0x0000026074095800  154       3       java.lang.module.ResolvedModule::name (11 bytes)
Event: 0.133 Thread 0x0000026074095800 nmethod 154 0x000002605e62e010 code [0x000002605e62e1a0, 0x000002605e62e338]
Event: 0.134 Thread 0x0000026074095800  155       3       java.util.HashSet::<init> (16 bytes)
Event: 0.134 Thread 0x0000026074095800 nmethod 155 0x000002605e62e410 code [0x000002605e62e5e0, 0x000002605e62ea18]
Event: 0.134 Thread 0x0000026074092000  156       4       java.util.HashMap::putVal (300 bytes)
Event: 0.151 Thread 0x0000026074095800  158       1       java.lang.module.ResolvedModule::configuration (5 bytes)
Event: 0.151 Thread 0x0000026074095800 nmethod 158 0x0000026065b3b990 code [0x0000026065b3bb20, 0x0000026065b3bbf8]
Event: 0.151 Thread 0x0000026074095800  159       1       java.lang.module.ModuleDescriptor::isOpen (5 bytes)

GC Heap History (0 events):
No events

Deoptimization events (0 events):
No events

Classes unloaded (0 events):
No events

Classes redefined (0 events):
No events

Internal exceptions (0 events):
No events

Events (20 events):
Event: 0.058 loading class java/lang/Module$ReflectionData done
Event: 0.058 loading class java/lang/WeakPairMap
Event: 0.058 loading class java/lang/WeakPairMap done
Event: 0.058 loading class java/lang/WeakPairMap$Pair
Event: 0.058 loading class java/lang/WeakPairMap$Pair done
Event: 0.058 loading class java/lang/WeakPairMap$Pair$Lookup
Event: 0.058 loading class java/lang/WeakPairMap$Pair$Lookup done
Event: 0.068 Thread 0x0000026074055000 Thread added: 0x0000026074055000
Event: 0.072 Executing VM operation: HandshakeOneThread
Event: 0.082 Executing VM operation: HandshakeOneThread done
Event: 0.089 loading class java/lang/invoke/DirectMethodHandle$Interface
Event: 0.089 loading class java/lang/invoke/DirectMethodHandle$Interface done
Event: 0.103 loading class java/lang/module/Resolver
Event: 0.104 loading class java/lang/module/Resolver done
Event: 0.104 loading class java/lang/module/ModuleFinder$1
Event: 0.105 loading class java/lang/module/ModuleFinder$1 done
Event: 0.106 loading class java/util/LinkedHashSet
Event: 0.107 loading class java/util/LinkedHashSet done
Event: 0.107 Executing VM operation: HandshakeAllThreads
Event: 0.107 Executing VM operation: HandshakeAllThreads done


Dynamic libraries:
0x00007ff70bb70000 - 0x00007ff70bb7d000 	C:\Program Files\JDK\jdk-14.0.2\bin\java.exe
0x00007fff35e60000 - 0x00007fff36050000 	C:\Windows\SYSTEM32\ntdll.dll
0x00007fff33fc0000 - 0x00007fff34072000 	C:\Windows\System32\KERNEL32.DLL
0x00007fff33810000 - 0x00007fff33ab5000 	C:\Windows\System32\KERNELBASE.dll
0x00007fff32f40000 - 0x00007fff3303a000 	C:\Windows\System32\ucrtbase.dll
0x00007fff09d00000 - 0x00007fff09d15000 	C:\Program Files\JDK\jdk-14.0.2\bin\VCRUNTIME140.dll
0x00007fff09ce0000 - 0x00007fff09cf8000 	C:\Program Files\JDK\jdk-14.0.2\bin\jli.dll
0x00007fff35c80000 - 0x00007fff35e15000 	C:\Windows\System32\USER32.dll
0x00007fff33040000 - 0x00007fff33061000 	C:\Windows\System32\win32u.dll
0x00007fff23e10000 - 0x00007fff24094000 	C:\Windows\WinSxS\amd64_microsoft.windows.common-controls_6595b64144ccf1df_6.0.18362.1082_none_9e8193e1e45b25c1\COMCTL32.dll
0x00007fff34da0000 - 0x00007fff34dc6000 	C:\Windows\System32\GDI32.dll
0x00007fff33b70000 - 0x00007fff33d06000 	C:\Windows\System32\gdi32full.dll
0x00007fff34430000 - 0x00007fff344ce000 	C:\Windows\System32\msvcrt.dll
0x00007fff32ea0000 - 0x00007fff32f3e000 	C:\Windows\System32\msvcp_win.dll
0x00007fff34690000 - 0x00007fff349c5000 	C:\Windows\System32\combase.dll
0x00007fff34bb0000 - 0x00007fff34cd0000 	C:\Windows\System32\RPCRT4.dll
0x00007fff33d10000 - 0x00007fff33d90000 	C:\Windows\System32\bcryptPrimitives.dll
0x00007fff34080000 - 0x00007fff340ae000 	C:\Windows\System32\IMM32.DLL
0x00007fff07cb0000 - 0x00007fff07d4b000 	C:\Program Files\JDK\jdk-14.0.2\bin\msvcp140.dll
0x00007ffec58f0000 - 0x00007ffec640e000 	C:\Program Files\JDK\jdk-14.0.2\bin\server\jvm.dll
0x00007fff34dd0000 - 0x00007fff34e73000 	C:\Windows\System32\ADVAPI32.dll
0x00007fff342d0000 - 0x00007fff34367000 	C:\Windows\System32\sechost.dll
0x00007fff340b0000 - 0x00007fff340b8000 	C:\Windows\System32\PSAPI.DLL
0x00007fff2f9b0000 - 0x00007fff2f9d4000 	C:\Windows\SYSTEM32\WINMM.dll
0x00007fff2dc90000 - 0x00007fff2dc9a000 	C:\Windows\SYSTEM32\VERSION.dll
0x00007fff2f980000 - 0x00007fff2f9ad000 	C:\Windows\SYSTEM32\WINMMBASE.dll
0x00007fff32e50000 - 0x00007fff32e9a000 	C:\Windows\System32\cfgmgr32.dll
0x00007fff1e440000 - 0x00007fff1e449000 	C:\Windows\SYSTEM32\WSOCK32.dll
0x00007fff353c0000 - 0x00007fff3542f000 	C:\Windows\System32\WS2_32.dll
0x00007fff32d30000 - 0x00007fff32d41000 	C:\Windows\System32\kernel.appcore.dll
0x00007fff0c970000 - 0x00007fff0c97a000 	C:\Program Files\JDK\jdk-14.0.2\bin\jimage.dll
0x00007fff1ef80000 - 0x00007fff1f174000 	C:\Windows\SYSTEM32\DBGHELP.DLL
0x00007fff1e850000 - 0x00007fff1e87a000 	C:\Windows\SYSTEM32\dbgcore.DLL
0x00007fff0bb00000 - 0x00007fff0bb0e000 	C:\Program Files\JDK\jdk-14.0.2\bin\instrument.dll
0x00007fff08320000 - 0x00007fff08345000 	C:\Program Files\JDK\jdk-14.0.2\bin\java.dll
0x00007fff09cc0000 - 0x00007fff09cd6000 	C:\Program Files\JDK\jdk-14.0.2\bin\zip.dll
0x00007fff35430000 - 0x00007fff35b17000 	C:\Windows\System32\SHELL32.dll
0x00007fff33f10000 - 0x00007fff33fb9000 	C:\Windows\System32\shcore.dll
0x00007fff33090000 - 0x00007fff33810000 	C:\Windows\System32\windows.storage.dll
0x00007fff32d70000 - 0x00007fff32d93000 	C:\Windows\System32\profapi.dll
0x00007fff32da0000 - 0x00007fff32dea000 	C:\Windows\System32\powrprof.dll
0x00007fff32d20000 - 0x00007fff32d30000 	C:\Windows\System32\UMPDC.dll
0x00007fff34370000 - 0x00007fff343c2000 	C:\Windows\System32\shlwapi.dll
0x00007fff33070000 - 0x00007fff33087000 	C:\Windows\System32\cryptsp.dll

dbghelp: loaded successfully - version: 4.0.5 - missing functions: none
symbol engine: initialized successfully - sym options: 0x614 - pdb path: .;C:\Program Files\JDK\jdk-14.0.2\bin;C:\Windows\SYSTEM32;C:\Windows\WinSxS\amd64_microsoft.windows.common-controls_6595b64144ccf1df_6.0.18362.1082_none_9e8193e1e45b25c1;C:\Program Files\JDK\jdk-14.0.2\bin\server

VM Arguments:
jvm_args: -ea -Didea.test.cyclic.buffer.size=1048576 -javaagent:C:\Program Files\JetBrains1\IntelliJ IDEA Community Edition 2020.1.1\lib\idea_rt.jar=53517:C:\Program Files\JetBrains1\IntelliJ IDEA Community Edition 2020.1.1\bin -Dfile.encoding=UTF-8 
java_command: com.intellij.rt.junit.JUnitStarter -ideVersion5 EvenOrOdd.EvenOrOddTest
java_class_path (initial): C:\Program Files\JetBrains1\IntelliJ IDEA Community Edition 2020.1.1\lib\idea_rt.jar;C:\Program Files\JetBrains1\IntelliJ IDEA Community Edition 2020.1.1\plugins\junit\lib\junit5-rt.jar;C:\Program Files\JetBrains1\IntelliJ IDEA Community Edition 2020.1.1\plugins\junit\lib\junit-rt.jar;C:\Users\Казаков\IdeaProjects\Codewars\8 kuy\out\production\8 kuy;C:\Users\Казаков\.m2\repository\junit\junit\4.12\junit-4.12.jar;C:\Users\Казаков\.m2\repository\org\hamcrest\hamcrest-core\1.3\hamcrest-core-1.3.jar
Launcher Type: SUN_STANDARD

[Global flags]
     intx CICompilerCount                          = 3                                         {product} {ergonomic}
     uint ConcGCThreads                            = 1                                         {product} {ergonomic}
     uint G1ConcRefinementThreads                  = 4                                         {product} {ergonomic}
   size_t G1HeapRegionSize                         = 1048576                                   {product} {ergonomic}
    uintx GCDrainStackTargetSize                   = 64                                        {product} {ergonomic}
   size_t InitialHeapSize                          = 134217728                                 {product} {ergonomic}
   size_t MarkStackSize                            = 4194304                                   {product} {ergonomic}
   size_t MaxHeapSize                              = 2122317824                                {product} {ergonomic}
   size_t MaxNewSize                               = 1272971264                                {product} {ergonomic}
   size_t MinHeapDeltaBytes                        = 1048576                                   {product} {ergonomic}
   size_t MinHeapSize                              = 8388608                                   {product} {ergonomic}
    uintx NonNMethodCodeHeapSize                   = 5832780                                {pd product} {ergonomic}
    uintx NonProfiledCodeHeapSize                  = 122912730                              {pd product} {ergonomic}
    uintx ProfiledCodeHeapSize                     = 122912730                              {pd product} {ergonomic}
    uintx ReservedCodeCacheSize                    = 251658240                              {pd product} {ergonomic}
     bool SegmentedCodeCache                       = true                                      {product} {ergonomic}
   size_t SoftMaxHeapSize                          = 2122317824                             {manageable} {ergonomic}
     bool UseCompressedClassPointers               = true                                 {lp64_product} {ergonomic}
     bool UseCompressedOops                        = true                                 {lp64_product} {ergonomic}
     bool UseG1GC                                  = true                                      {product} {ergonomic}
     bool UseLargePagesIndividualAllocation        = false                                  {pd product} {ergonomic}

Logging:
Log output configuration:
 #0: stdout all=warning uptime,level,tags
 #1: stderr all=off uptime,level,tags

Environment Variables:
PATH=C:\Windows\system32;C:\Windows;C:\Windows\System32\Wbem;C:\Windows\System32\WindowsPowerShell\v1.0\;C:\Program Files\Microsoft SQL Server\120\Tools\Binn\;C:\Program Files\Common Files\Autodesk Shared\;C:\Program Files\Git\cmd;C:\Users\Казаков\AppData\Local\Microsoft\WindowsApps;C:\Users\Казаков\AppData\Local\GitHubDesktop\bin;C:\Users\Казаков\AppData\Local\atom\bin
USERNAME=Казаков
OS=Windows_NT
PROCESSOR_IDENTIFIER=Intel64 Family 6 Model 94 Stepping 3, GenuineIntel



---------------  S Y S T E M  ---------------

OS: Windows 10 , 64 bit Build 18362 (10.0.18362.1082)
OS uptime: 0 days 6:31 hours

CPU:total 4 (initial active 4) (2 cores per cpu, 2 threads per core) family 6 model 94 stepping 3, cmov, cx8, fxsr, mmx, sse, sse2, sse3, ssse3, sse4.1, sse4.2, popcnt, avx, avx2, aes, clmul, erms, 3dnowpref, lzcnt, ht, tsc, tscinvbit, bmi1, bmi2, adx, fma

Memory: 4k page, system-wide physical 8088M (483M free)
TotalPageFile size 8088M (AvailPageFile size 3M)
current process WorkingSet (physical memory assigned to process): 30M, peak: 30M
current process commit charge ("private bytes"): 206M, peak: 206M

vm_info: OpenJDK 64-Bit Server VM (14.0.2+12-46) for windows-amd64 JRE (14.0.2+12-46), built on Jul  9 2020 00:31:16 by "mach5one" with MS VC++ 15.9 (VS2017)

END.
